<?xml version="1.0" encoding="UTF-8"?>
<!-- Generated by org.testng.reporters.JUnitXMLReporter -->
<testsuite hostname="DT0050573" ignored="10" name="Feedzai Automation1" tests="1" failures="0" timestamp="10 Sep 2018 12:23:00 GMT" time="166.352" errors="0">
  <testcase name="PulseChange_029" time="166.236" classname="com.ril.FeedzaiTestScript.Feedzai_Rule029_Merchant"/>
  <testcase name="@AfterSuite endReport" time="0.0" classname="com.ril.Feedzai.BaseClass.FeedzaiTestBaseClass">
    <ignored/>
  </testcase> <!-- @AfterSuite endReport -->
  <testcase name="@AfterSuite endReport" time="0.0" classname="com.ril.Feedzai.BaseClass.FeedzaiTestBaseClass">
    <ignored/>
  </testcase> <!-- @AfterSuite endReport -->
  <testcase name="@AfterSuite endReport" time="0.0" classname="com.ril.Feedzai.BaseClass.FeedzaiTestBaseClass">
    <ignored/>
  </testcase> <!-- @AfterSuite endReport -->
  <testcase name="@AfterSuite endReport" time="0.0" classname="com.ril.Feedzai.BaseClass.FeedzaiTestBaseClass">
    <ignored/>
  </testcase> <!-- @AfterSuite endReport -->
  <testcase name="@AfterSuite endReport" time="0.0" classname="com.ril.Feedzai.BaseClass.FeedzaiTestBaseClass">
    <ignored/>
  </testcase> <!-- @AfterSuite endReport -->
  <testcase name="@BeforeSuite TestDataSetup" time="0.0" classname="com.ril.Feedzai.BaseClass.FeedzaiTestBaseClass">
    <ignored/>
  </testcase> <!-- @BeforeSuite TestDataSetup -->
  <testcase name="@BeforeSuite TestDataSetup" time="0.0" classname="com.ril.Feedzai.BaseClass.FeedzaiTestBaseClass">
    <ignored/>
  </testcase> <!-- @BeforeSuite TestDataSetup -->
  <testcase name="@BeforeSuite TestDataSetup" time="0.0" classname="com.ril.Feedzai.BaseClass.FeedzaiTestBaseClass">
    <ignored/>
  </testcase> <!-- @BeforeSuite TestDataSetup -->
  <testcase name="@BeforeSuite TestDataSetup" time="0.0" classname="com.ril.Feedzai.BaseClass.FeedzaiTestBaseClass">
    <ignored/>
  </testcase> <!-- @BeforeSuite TestDataSetup -->
  <testcase name="@BeforeSuite TestDataSetup" time="0.0" classname="com.ril.Feedzai.BaseClass.FeedzaiTestBaseClass">
    <ignored/>
  </testcase> <!-- @BeforeSuite TestDataSetup -->
</testsuite> <!-- Feedzai Automation1 -->
